Determining if the pthread_create exist failed with the following output:
Change Dir: /home/bo/ros/fetch_hand/InHandScanningICCV15_Reconstruction/build/CMakeFiles/CMakeTmp

Run Build Command:/usr/bin/make "cmTryCompileExec1247014300/fast"
/usr/bin/make -f CMakeFiles/cmTryCompileExec1247014300.dir/build.make CMakeFiles/cmTryCompileExec1247014300.dir/build
make[1]: Entering directory `/home/bo/ros/fetch_hand/InHandScanningICCV15_Reconstruction/build/CMakeFiles/CMakeTmp'
/usr/bin/cmake -E cmake_progress_report /home/bo/ros/fetch_hand/InHandScanningICCV15_Reconstruction/build/CMakeFiles/CMakeTmp/CMakeFiles 1
Building C object CMakeFiles/cmTryCompileExec1247014300.dir/CheckSymbolExists.c.o
/usr/bin/cc    -o CMakeFiles/cmTryCompileExec1247014300.dir/CheckSymbolExists.c.o   -c /home/bo/ros/fetch_hand/InHandScanningICCV15_Reconstruction/build/CMakeFiles/CMakeTmp/CheckSymbolExists.c
Linking C executable cmTryCompileExec1247014300
/usr/bin/cmake -E cmake_link_script CMakeFiles/cmTryCompileExec1247014300.dir/link.txt --verbose=1
/usr/bin/cc       CMakeFiles/cmTryCompileExec1247014300.dir/CheckSymbolExists.c.o  -o cmTryCompileExec1247014300 -rdynamic 
CMakeFiles/cmTryCompileExec1247014300.dir/CheckSymbolExists.c.o: In function `main':
CheckSymbolExists.c:(.text+0x16): undefined reference to `pthread_create'
collect2: error: ld returned 1 exit status
make[1]: *** [cmTryCompileExec1247014300] Error 1
make[1]: Leaving directory `/home/bo/ros/fetch_hand/InHandScanningICCV15_Reconstruction/build/CMakeFiles/CMakeTmp'
make: *** [cmTryCompileExec1247014300/fast] Error 2

File /home/bo/ros/fetch_hand/InHandScanningICCV15_Reconstruction/build/CMakeFiles/CMakeTmp/CheckSymbolExists.c:
/* */
#include <pthread.h>

int main(int argc, char** argv)
{
  (void)argv;
#ifndef pthread_create
  return ((int*)(&pthread_create))[argc];
#else
  (void)argc;
  return 0;
#endif
}

Determining if the function pthread_create exists in the pthreads failed with the following output:
Change Dir: /home/bo/ros/fetch_hand/InHandScanningICCV15_Reconstruction/build/CMakeFiles/CMakeTmp

Run Build Command:/usr/bin/make "cmTryCompileExec1368846744/fast"
/usr/bin/make -f CMakeFiles/cmTryCompileExec1368846744.dir/build.make CMakeFiles/cmTryCompileExec1368846744.dir/build
make[1]: Entering directory `/home/bo/ros/fetch_hand/InHandScanningICCV15_Reconstruction/build/CMakeFiles/CMakeTmp'
/usr/bin/cmake -E cmake_progress_report /home/bo/ros/fetch_hand/InHandScanningICCV15_Reconstruction/build/CMakeFiles/CMakeTmp/CMakeFiles 1
Building C object CMakeFiles/cmTryCompileExec1368846744.dir/CheckFunctionExists.c.o
/usr/bin/cc   -DCHECK_FUNCTION_EXISTS=pthread_create   -o CMakeFiles/cmTryCompileExec1368846744.dir/CheckFunctionExists.c.o   -c /usr/share/cmake-2.8/Modules/CheckFunctionExists.c
Linking C executable cmTryCompileExec1368846744
/usr/bin/cmake -E cmake_link_script CMakeFiles/cmTryCompileExec1368846744.dir/link.txt --verbose=1
/usr/bin/cc   -DCHECK_FUNCTION_EXISTS=pthread_create    CMakeFiles/cmTryCompileExec1368846744.dir/CheckFunctionExists.c.o  -o cmTryCompileExec1368846744 -rdynamic -lpthreads 
/usr/bin/ld: cannot find -lpthreads
collect2: error: ld returned 1 exit status
make[1]: Leaving directory `/home/bo/ros/fetch_hand/InHandScanningICCV15_Reconstruction/build/CMakeFiles/CMakeTmp'
make[1]: *** [cmTryCompileExec1368846744] Error 1
make: *** [cmTryCompileExec1368846744/fast] Error 2


Determining if the Q_WS_WIN exist failed with the following output:
Change Dir: /home/bo/ros/fetch_hand/InHandScanningICCV15_Reconstruction/build/CMakeFiles/CMakeTmp

Run Build Command:/usr/bin/make "cmTryCompileExec2948856245/fast"
/usr/bin/make -f CMakeFiles/cmTryCompileExec2948856245.dir/build.make CMakeFiles/cmTryCompileExec2948856245.dir/build
make[1]: Entering directory `/home/bo/ros/fetch_hand/InHandScanningICCV15_Reconstruction/build/CMakeFiles/CMakeTmp'
/usr/bin/cmake -E cmake_progress_report /home/bo/ros/fetch_hand/InHandScanningICCV15_Reconstruction/build/CMakeFiles/CMakeTmp/CMakeFiles 1
Building CXX object CMakeFiles/cmTryCompileExec2948856245.dir/CheckSymbolExists.cxx.o
/usr/bin/c++    -O2  -I/usr/include/qt4    -o CMakeFiles/cmTryCompileExec2948856245.dir/CheckSymbolExists.cxx.o -c /home/bo/ros/fetch_hand/InHandScanningICCV15_Reconstruction/build/CMakeFiles/CMakeTmp/CheckSymbolExists.cxx
/home/bo/ros/fetch_hand/InHandScanningICCV15_Reconstruction/build/CMakeFiles/CMakeTmp/CheckSymbolExists.cxx: In function ‘int main(int, char**)’:
/home/bo/ros/fetch_hand/InHandScanningICCV15_Reconstruction/build/CMakeFiles/CMakeTmp/CheckSymbolExists.cxx:8:19: error: ‘Q_WS_WIN’ was not declared in this scope
   return ((int*)(&Q_WS_WIN))[argc];
                   ^
make[1]: *** [CMakeFiles/cmTryCompileExec2948856245.dir/CheckSymbolExists.cxx.o] Error 1
make[1]: Leaving directory `/home/bo/ros/fetch_hand/InHandScanningICCV15_Reconstruction/build/CMakeFiles/CMakeTmp'
make: *** [cmTryCompileExec2948856245/fast] Error 2

File /home/bo/ros/fetch_hand/InHandScanningICCV15_Reconstruction/build/CMakeFiles/CMakeTmp/CheckSymbolExists.cxx:
/* */
#include <QtCore/qglobal.h>

int main(int argc, char** argv)
{
  (void)argv;
#ifndef Q_WS_WIN
  return ((int*)(&Q_WS_WIN))[argc];
#else
  (void)argc;
  return 0;
#endif
}

Determining if the Q_WS_QWS exist failed with the following output:
Change Dir: /home/bo/ros/fetch_hand/InHandScanningICCV15_Reconstruction/build/CMakeFiles/CMakeTmp

Run Build Command:/usr/bin/make "cmTryCompileExec2742094468/fast"
/usr/bin/make -f CMakeFiles/cmTryCompileExec2742094468.dir/build.make CMakeFiles/cmTryCompileExec2742094468.dir/build
make[1]: Entering directory `/home/bo/ros/fetch_hand/InHandScanningICCV15_Reconstruction/build/CMakeFiles/CMakeTmp'
/usr/bin/cmake -E cmake_progress_report /home/bo/ros/fetch_hand/InHandScanningICCV15_Reconstruction/build/CMakeFiles/CMakeTmp/CMakeFiles 1
Building CXX object CMakeFiles/cmTryCompileExec2742094468.dir/CheckSymbolExists.cxx.o
/usr/bin/c++    -O2  -I/usr/include/qt4    -o CMakeFiles/cmTryCompileExec2742094468.dir/CheckSymbolExists.cxx.o -c /home/bo/ros/fetch_hand/InHandScanningICCV15_Reconstruction/build/CMakeFiles/CMakeTmp/CheckSymbolExists.cxx
/home/bo/ros/fetch_hand/InHandScanningICCV15_Reconstruction/build/CMakeFiles/CMakeTmp/CheckSymbolExists.cxx: In function ‘int main(int, char**)’:
/home/bo/ros/fetch_hand/InHandScanningICCV15_Reconstruction/build/CMakeFiles/CMakeTmp/CheckSymbolExists.cxx:8:19: error: ‘Q_WS_QWS’ was not declared in this scope
   return ((int*)(&Q_WS_QWS))[argc];
                   ^
make[1]: *** [CMakeFiles/cmTryCompileExec2742094468.dir/CheckSymbolExists.cxx.o] Error 1
make[1]: Leaving directory `/home/bo/ros/fetch_hand/InHandScanningICCV15_Reconstruction/build/CMakeFiles/CMakeTmp'
make: *** [cmTryCompileExec2742094468/fast] Error 2

File /home/bo/ros/fetch_hand/InHandScanningICCV15_Reconstruction/build/CMakeFiles/CMakeTmp/CheckSymbolExists.cxx:
/* */
#include <QtCore/qglobal.h>

int main(int argc, char** argv)
{
  (void)argv;
#ifndef Q_WS_QWS
  return ((int*)(&Q_WS_QWS))[argc];
#else
  (void)argc;
  return 0;
#endif
}

Determining if the Q_WS_MAC exist failed with the following output:
Change Dir: /home/bo/ros/fetch_hand/InHandScanningICCV15_Reconstruction/build/CMakeFiles/CMakeTmp

Run Build Command:/usr/bin/make "cmTryCompileExec1752867649/fast"
/usr/bin/make -f CMakeFiles/cmTryCompileExec1752867649.dir/build.make CMakeFiles/cmTryCompileExec1752867649.dir/build
make[1]: Entering directory `/home/bo/ros/fetch_hand/InHandScanningICCV15_Reconstruction/build/CMakeFiles/CMakeTmp'
/usr/bin/cmake -E cmake_progress_report /home/bo/ros/fetch_hand/InHandScanningICCV15_Reconstruction/build/CMakeFiles/CMakeTmp/CMakeFiles 1
Building CXX object CMakeFiles/cmTryCompileExec1752867649.dir/CheckSymbolExists.cxx.o
/usr/bin/c++    -O2  -I/usr/include/qt4    -o CMakeFiles/cmTryCompileExec1752867649.dir/CheckSymbolExists.cxx.o -c /home/bo/ros/fetch_hand/InHandScanningICCV15_Reconstruction/build/CMakeFiles/CMakeTmp/CheckSymbolExists.cxx
/home/bo/ros/fetch_hand/InHandScanningICCV15_Reconstruction/build/CMakeFiles/CMakeTmp/CheckSymbolExists.cxx: In function ‘int main(int, char**)’:
/home/bo/ros/fetch_hand/InHandScanningICCV15_Reconstruction/build/CMakeFiles/CMakeTmp/CheckSymbolExists.cxx:8:19: error: ‘Q_WS_MAC’ was not declared in this scope
   return ((int*)(&Q_WS_MAC))[argc];
                   ^
make[1]: *** [CMakeFiles/cmTryCompileExec1752867649.dir/CheckSymbolExists.cxx.o] Error 1
make[1]: Leaving directory `/home/bo/ros/fetch_hand/InHandScanningICCV15_Reconstruction/build/CMakeFiles/CMakeTmp'
make: *** [cmTryCompileExec1752867649/fast] Error 2

File /home/bo/ros/fetch_hand/InHandScanningICCV15_Reconstruction/build/CMakeFiles/CMakeTmp/CheckSymbolExists.cxx:
/* */
#include <QtCore/qglobal.h>

int main(int argc, char** argv)
{
  (void)argv;
#ifndef Q_WS_MAC
  return ((int*)(&Q_WS_MAC))[argc];
#else
  (void)argc;
  return 0;
#endif
}

